<?xml version="1.0" encoding="UTF-8"?>
<testsuites name="deno test" tests="28" failures="1" errors="0" time="0.525">
    <testsuite name="./tests/integration/main.test.ts" tests="5" disabled="0" errors="0" failures="0">
        <testcase name="Router: validate router returns 404 when route is not found" classname="./tests/integration/main.test.ts" time="0.005" line="6" col="6">
        </testcase>
        <testcase name="Router: validate router returns 404 when method is not allowed" classname="./tests/integration/main.test.ts" time="0.000" line="14" col="6">
        </testcase>
        <testcase name="Router: validate router returns 200 when route is found" classname="./tests/integration/main.test.ts" time="0.001" line="22" col="6">
        </testcase>
        <testcase name="Router: validate router returns 400 when validation fails" classname="./tests/integration/main.test.ts" time="0.008" line="31" col="6">
        </testcase>
        <testcase name="Router: /testCases/:id returns 404 when test case not found" classname="./tests/integration/main.test.ts" time="0.000" line="39" col="6">
        </testcase>
    </testsuite>
    <testsuite name="./tests/unit/project/create_project.test.ts" tests="4" disabled="0" errors="0" failures="0">
        <testcase name="CREATEPROJECTUC: test project can be created successfully" classname="./tests/unit/project/create_project.test.ts" time="0.002" line="6" col="6">
        </testcase>
        <testcase name="CREATEPROJECTUC: should return the available project code" classname="./tests/unit/project/create_project.test.ts" time="0.000" line="14" col="6">
        </testcase>
        <testcase name="CREATEPROJECTUC: should not allow duplicate project names" classname="./tests/unit/project/create_project.test.ts" time="0.000" line="23" col="6">
        </testcase>
        <testcase name="PROJECTCODE: project code generator handles all scenarios" classname="./tests/unit/project/create_project.test.ts" time="0.000" line="33" col="6">
        </testcase>
    </testsuite>
    <testsuite name="./tests/unit/project/test_project_handler.test.ts" tests="2" disabled="0" errors="0" failures="0">
        <testcase name="CREATEPROJECT: test project returns 201 status code" classname="./tests/unit/project/test_project_handler.test.ts" time="0.001" line="9" col="6">
        </testcase>
        <testcase name="CREATEPROJECT: system throws error when project name already exists" classname="./tests/unit/project/test_project_handler.test.ts" time="0.000" line="33" col="6">
        </testcase>
    </testsuite>
    <testsuite name="./tests/unit/test_suites.test.ts" tests="1" disabled="0" errors="0" failures="0">
        <testcase name="verify test suite creation" classname="./tests/unit/test_suites.test.ts" time="0.000" line="1" col="6">
        </testcase>
    </testsuite>
    <testsuite name="./tests/unit/testcase/test_case.test.ts" tests="14" disabled="0" errors="0" failures="1">
        <testcase name="CreateTestCaseUseCase: should successfully create a new test case" classname="./tests/unit/testcase/test_case.test.ts" time="0.001" line="11" col="6">
        </testcase>
        <testcase name="CreateTestCaseUseCase: should generate test case id successfully" classname="./tests/unit/testcase/test_case.test.ts" time="0.001" line="31" col="6">
        </testcase>
        <testcase name="CreateTestCaseUseCase: should update project sequence successfully when test case is created" classname="./tests/unit/testcase/test_case.test.ts" time="0.002" line="42" col="6">
        </testcase>
        <testcase name="CreateTestCaseUseCase: should generate test case id for different projects successfully" classname="./tests/unit/testcase/test_case.test.ts" time="0.001" line="69" col="6">
            <failure message="Uncaught Error: Not implemented">Error: Not implemented
  throw new Error(&apos;Not implemented&apos;);
        ^
    at file:///Users/alerzo/Documents/Deno%20Projects/Test%20Management%20Software/IpilStax/tests/unit/testcase/test_case.test.ts:71:9</failure>
        </testcase>
        <testcase name="GetTestCaseUseCase: should get test case by id after creation" classname="./tests/unit/testcase/test_case.test.ts" time="0.001" line="74" col="6">
        </testcase>
        <testcase name="ListAllTestCaseUC should list all test cases" classname="./tests/unit/testcase/test_case.test.ts" time="0.000" line="98" col="6">
        </testcase>
        <testcase name="EditTestCaseUC should edit existing test case" classname="./tests/unit/testcase/test_case.test.ts" time="0.000" line="130" col="6">
        </testcase>
        <testcase name="CreateTestCaseUseCase: should update project sequence successfully when test case is created &gt; verify the getProjectCodeAndSequence is called" classname="./tests/unit/testcase/test_case.test.ts" time="0.000" line="49" col="14">
        </testcase>
        <testcase name="CreateTestCaseUseCase: should update project sequence successfully when test case is created &gt; verify the sequence for the project is updated by one" classname="./tests/unit/testcase/test_case.test.ts" time="0.001" line="53" col="14">
        </testcase>
        <testcase name="CreateTestCaseUseCase: should update project sequence successfully when test case is created &gt; verify testcase id is sequential" classname="./tests/unit/testcase/test_case.test.ts" time="0.000" line="58" col="14">
        </testcase>
        <testcase name="GetTestCaseUseCase: should get test case by id after creation &gt; can retrieve existing test case" classname="./tests/unit/testcase/test_case.test.ts" time="0.000" line="77" col="14">
        </testcase>
        <testcase name="GetTestCaseUseCase: should get test case by id after creation &gt; return null for non-existing test case" classname="./tests/unit/testcase/test_case.test.ts" time="0.001" line="90" col="14">
        </testcase>
        <testcase name="ListAllTestCaseUC should list all test cases &gt; should return empty array when no test cases exist" classname="./tests/unit/testcase/test_case.test.ts" time="0.000" line="102" col="14">
        </testcase>
        <testcase name="ListAllTestCaseUC should list all test cases &gt; should return all test cases when they exist" classname="./tests/unit/testcase/test_case.test.ts" time="0.000" line="108" col="14">
        </testcase>
    </testsuite>
    <testsuite name="./tests/unit/testcase/test_case_handler.test.ts" tests="2" disabled="0" errors="0" failures="0">
        <testcase name="handler throws error when test case is not found" classname="./tests/unit/testcase/test_case_handler.test.ts" time="0.000" line="9" col="6">
        </testcase>
        <testcase name="handler returns test case when found" classname="./tests/unit/testcase/test_case_handler.test.ts" time="0.000" line="23" col="6">
        </testcase>
    </testsuite>
</testsuites>
